<?xml version="1.0" encoding="UTF-8"?>
<testsuite name="edu.jsu.mcis.TicTacToeModelTest" tests="12" skipped="0" failures="0" errors="0" timestamp="2018-02-15T03:11:05" hostname="null" time="0.009">
  <properties/>
  <testcase name="testGameIsWonByXDiagonallyFromTopLeftToBottomRight" classname="edu.jsu.mcis.TicTacToeModelTest" time="0.004"/>
  <testcase name="testGameIsOverByTieIfAllLocationsAreFilled" classname="edu.jsu.mcis.TicTacToeModelTest" time="0.001"/>
  <testcase name="testGameIsWonByOWithFirstCol" classname="edu.jsu.mcis.TicTacToeModelTest" time="0.0"/>
  <testcase name="testGameIsWonByXHorizontallyAcrossTopRow" classname="edu.jsu.mcis.TicTacToeModelTest" time="0.001"/>
  <testcase name="testOutOfBoundsMark" classname="edu.jsu.mcis.TicTacToeModelTest" time="0.0"/>
  <testcase name="testMarkXInUpperRightCorner" classname="edu.jsu.mcis.TicTacToeModelTest" time="0.001"/>
  <testcase name="testGameisWonByODiagonallyFromBottomLeftToTopRight" classname="edu.jsu.mcis.TicTacToeModelTest" time="0.0"/>
  <testcase name="testMarkOInBottomLeftCorner" classname="edu.jsu.mcis.TicTacToeModelTest" time="0.001"/>
  <testcase name="testInitialBoardIsEmpty" classname="edu.jsu.mcis.TicTacToeModelTest" time="0.0"/>
  <testcase name="testXWinDiagonallyFromTopLeftToBottomRightOn5x5Board" classname="edu.jsu.mcis.TicTacToeModelTest" time="0.0"/>
  <testcase name="testGameIsNotOverAfterTheFirstMark" classname="edu.jsu.mcis.TicTacToeModelTest" time="0.0"/>
  <testcase name="testUnableToMarkOverExistingMark" classname="edu.jsu.mcis.TicTacToeModelTest" time="0.0"/>
  <system-out><![CDATA[0,0 updated.
0,1 updated.
1,1 updated.
0,2 updated.
2,2 updated.
0,0 updated.
0,2 updated.
0,1 updated.
1,0 updated.
1,2 updated.
1,1 updated.
2,0 updated.
2,2 updated.
2,1 updated.
1,1 updated.
0,0 updated.
0,1 updated.
1,0 updated.
0,2 updated.
2,0 updated.
0,0 updated.
1,1 updated.
0,1 updated.
2,2 updated.
0,2 updated.
0,2 updated.
2,1 updated.
2,0 updated.
0,0 updated.
1,1 updated.
0,1 updated.
0,2 updated.
1,1 updated.
2,0 updated.
0,0 updated.
0,1 updated.
1,1 updated.
0,2 updated.
2,2 updated.
0,3 updated.
3,3 updated.
0,4 updated.
4,4 updated.
0,0 updated.
1,1 updated.
]]></system-out>
  <system-err><![CDATA[]]></system-err>
</testsuite>
